<?xml version="1.0" encoding="UTF-8"?>
<!-- Generated by org.testng.reporters.JUnitReportReporter -->
<testsuite skipped="0" hostname="BDC6-DX-3NR7N62" name="com.tests.Registraition_page" tests="1" failures="0" timestamp="22 Apr 2019 13:21:23 GMT" time="20.377" errors="0">
  <testcase name="Reg_page" time="20.377" classname="com.tests.Registraition_page"/>
</testsuite> <!-- com.tests.Registraition_page -->
