<?xml version="1.0" encoding="UTF-8"?>
<!-- Generated by org.testng.reporters.JUnitReportReporter -->
<testsuite skipped="0" hostname="BDC6-DX-3NR7N62" name="com.tests.Rpage$RegestPage" tests="1" failures="0" timestamp="23 Apr 2019 02:34:03 GMT" time="11.230" errors="0">
  <testcase name="testDemoWebShop" time="11.230" classname="com.tests.Rpage$RegestPage"/>
</testsuite> <!-- com.tests.Rpage$RegestPage -->
