<?xml version="1.0" encoding="UTF-8"?>
<!-- Generated by org.testng.reporters.JUnitReportReporter -->
<testsuite skipped="0" hostname="BDC6-DX-3NR7N62" name="com.tests.Test1" tests="1" failures="0" timestamp="19 Apr 2019 11:55:50 GMT" time="27.498" errors="0">
  <testcase name="testgooglehomepage" time="27.498" classname="com.tests.Test1"/>
</testsuite> <!-- com.tests.Test1 -->
