<?xml version="1.0" encoding="UTF-8"?>
<!-- Generated by org.testng.reporters.JUnitReportReporter -->
<testsuite skipped="0" hostname="BDC6-DX-3NR7N62" name="com.tests.TestDragAndDrop" tests="1" failures="0" timestamp="22 Apr 2019 06:05:14 GMT" time="25.956" errors="0">
  <testcase name="TestDragDrop" time="25.956" classname="com.tests.TestDragAndDrop"/>
</testsuite> <!-- com.tests.TestDragAndDrop -->
