<?xml version="1.0" encoding="UTF-8"?>
<!-- Generated by org.testng.reporters.JUnitReportReporter -->
<testsuite skipped="0" hostname="BDC6-DX-3NR7N62" name="com.tests.actions1" tests="1" failures="0" timestamp="19 Apr 2019 11:54:48 GMT" time="33.458" errors="0">
  <testcase name="testMe" time="33.458" classname="com.tests.actions1"/>
</testsuite> <!-- com.tests.actions1 -->
