<?xml version="1.0" encoding="UTF-8"?>
<!-- Generated by org.testng.reporters.JUnitReportReporter -->
<testsuite skipped="0" hostname="BDC6-DX-3NR7N62" name="com.tests.Sample1" tests="4" failures="0" timestamp="23 Apr 2019 08:20:52 GMT" time="11.741" errors="0">
  <testcase name="testRegistration" time="6.215" classname="com.tests.Sample1"/>
  <testcase name="testLogin" time="0.419" classname="com.tests.Sample1"/>
  <testcase name="testCart" time="0.984" classname="com.tests.Sample1"/>
  <testcase name="tesPayment" time="4.123" classname="com.tests.Sample1"/>
</testsuite> <!-- com.tests.Sample1 -->
