<?xml version="1.0" encoding="UTF-8"?>
<!-- Generated by org.testng.reporters.JUnitReportReporter -->
<testsuite skipped="0" hostname="BDC6-DX-3NR7N62" name="com.tests.ReadDataExcel" tests="1" failures="0" timestamp="22 Apr 2019 05:48:52 GMT" time="0.648" errors="0">
  <testcase name="testReadExcel" time="0.648" classname="com.tests.ReadDataExcel"/>
</testsuite> <!-- com.tests.ReadDataExcel -->
