<?xml version="1.0" encoding="UTF-8"?>
<!-- Generated by org.testng.reporters.JUnitReportReporter -->
<testsuite skipped="0" hostname="BDC6-DX-3NR7N62" name="com.tests.ReadWriteDataExcel" tests="1" failures="0" timestamp="22 Apr 2019 07:21:40 GMT" time="1.159" errors="0">
  <testcase name="testWriteExcel" time="1.159" classname="com.tests.ReadWriteDataExcel"/>
</testsuite> <!-- com.tests.ReadWriteDataExcel -->
